NOTE: Picked up JDK_JAVA_OPTIONS:  --add-opens=java.base/java.lang=ALL-UNNAMED --add-opens=java.base/java.io=ALL-UNNAMED --add-opens=java.base/java.util=ALL-UNNAMED --add-opens=java.base/java.util.concurrent=ALL-UNNAMED --add-opens=java.rmi/sun.rmi.transport=ALL-UNNAMED
29-Oct-2024 13:51:06.057 INFO [main] org.apache.catalina.startup.VersionLoggerListener.log Server version name:   Apache Tomcat/9.0.96
29-Oct-2024 13:51:06.063 INFO [main] org.apache.catalina.startup.VersionLoggerListener.log Server built:          Oct 3 2024 19:44:30 UTC
29-Oct-2024 13:51:06.063 INFO [main] org.apache.catalina.startup.VersionLoggerListener.log Server version number: 9.0.96.0
29-Oct-2024 13:51:06.063 INFO [main] org.apache.catalina.startup.VersionLoggerListener.log OS Name:               Linux
29-Oct-2024 13:51:06.064 INFO [main] org.apache.catalina.startup.VersionLoggerListener.log OS Version:            6.5.0-1025-azure
29-Oct-2024 13:51:06.064 INFO [main] org.apache.catalina.startup.VersionLoggerListener.log Architecture:          amd64
29-Oct-2024 13:51:06.064 INFO [main] org.apache.catalina.startup.VersionLoggerListener.log Java Home:             /usr/local/sdkman/candidates/java/21.0.4-ms
29-Oct-2024 13:51:06.064 INFO [main] org.apache.catalina.startup.VersionLoggerListener.log JVM Version:           21.0.4+7-LTS
29-Oct-2024 13:51:06.065 INFO [main] org.apache.catalina.startup.VersionLoggerListener.log JVM Vendor:            Microsoft
29-Oct-2024 13:51:06.065 INFO [main] org.apache.catalina.startup.VersionLoggerListener.log CATALINA_BASE:         /workspaces/jsp/tomcat
29-Oct-2024 13:51:06.065 INFO [main] org.apache.catalina.startup.VersionLoggerListener.log CATALINA_HOME:         /workspaces/jsp/tomcat
29-Oct-2024 13:51:06.084 INFO [main] org.apache.catalina.startup.VersionLoggerListener.log Command line argument: --add-opens=java.base/java.lang=ALL-UNNAMED
29-Oct-2024 13:51:06.084 INFO [main] org.apache.catalina.startup.VersionLoggerListener.log Command line argument: --add-opens=java.base/java.io=ALL-UNNAMED
29-Oct-2024 13:51:06.084 INFO [main] org.apache.catalina.startup.VersionLoggerListener.log Command line argument: --add-opens=java.base/java.util=ALL-UNNAMED
29-Oct-2024 13:51:06.084 INFO [main] org.apache.catalina.startup.VersionLoggerListener.log Command line argument: --add-opens=java.base/java.util.concurrent=ALL-UNNAMED
29-Oct-2024 13:51:06.084 INFO [main] org.apache.catalina.startup.VersionLoggerListener.log Command line argument: --add-opens=java.rmi/sun.rmi.transport=ALL-UNNAMED
29-Oct-2024 13:51:06.084 INFO [main] org.apache.catalina.startup.VersionLoggerListener.log Command line argument: -Djava.util.logging.config.file=/workspaces/jsp/tomcat/conf/logging.properties
29-Oct-2024 13:51:06.085 INFO [main] org.apache.catalina.startup.VersionLoggerListener.log Command line argument: -Djava.util.logging.manager=org.apache.juli.ClassLoaderLogManager
29-Oct-2024 13:51:06.085 INFO [main] org.apache.catalina.startup.VersionLoggerListener.log Command line argument: -Djdk.tls.ephemeralDHKeySize=2048
29-Oct-2024 13:51:06.085 INFO [main] org.apache.catalina.startup.VersionLoggerListener.log Command line argument: -Djava.protocol.handler.pkgs=org.apache.catalina.webresources
29-Oct-2024 13:51:06.085 INFO [main] org.apache.catalina.startup.VersionLoggerListener.log Command line argument: -Dorg.apache.catalina.security.SecurityListener.UMASK=0027
29-Oct-2024 13:51:06.085 INFO [main] org.apache.catalina.startup.VersionLoggerListener.log Command line argument: -Dignore.endorsed.dirs=
29-Oct-2024 13:51:06.085 INFO [main] org.apache.catalina.startup.VersionLoggerListener.log Command line argument: -Dcatalina.base=/workspaces/jsp/tomcat
29-Oct-2024 13:51:06.085 INFO [main] org.apache.catalina.startup.VersionLoggerListener.log Command line argument: -Dcatalina.home=/workspaces/jsp/tomcat
29-Oct-2024 13:51:06.085 INFO [main] org.apache.catalina.startup.VersionLoggerListener.log Command line argument: -Djava.io.tmpdir=/workspaces/jsp/tomcat/temp
29-Oct-2024 13:51:06.087 INFO [main] org.apache.catalina.core.AprLifecycleListener.lifecycleEvent The Apache Tomcat Native library which allows using OpenSSL was not found on the java.library.path: [/usr/java/packages/lib:/usr/lib64:/lib64:/lib:/usr/lib]
29-Oct-2024 13:51:06.504 INFO [main] org.apache.coyote.AbstractProtocol.init Initializing ProtocolHandler ["http-nio-8080"]
29-Oct-2024 13:51:06.532 INFO [main] org.apache.catalina.startup.Catalina.load Server initialization in [662] milliseconds
29-Oct-2024 13:51:06.568 INFO [main] org.apache.catalina.core.StandardService.startInternal Starting service [Catalina]
29-Oct-2024 13:51:06.568 INFO [main] org.apache.catalina.core.StandardEngine.startInternal Starting Servlet engine: [Apache Tomcat/9.0.96]
29-Oct-2024 13:51:06.575 INFO [main] org.apache.catalina.startup.HostConfig.deployDirectory Deploying web application directory [/workspaces/jsp/tomcat/webapps/host-manager]
29-Oct-2024 13:51:06.835 INFO [main] org.apache.catalina.startup.HostConfig.deployDirectory Deployment of web application directory [/workspaces/jsp/tomcat/webapps/host-manager] has finished in [259] ms
29-Oct-2024 13:51:06.835 INFO [main] org.apache.catalina.startup.HostConfig.deployDirectory Deploying web application directory [/workspaces/jsp/tomcat/webapps/docs]
29-Oct-2024 13:51:06.854 INFO [main] org.apache.catalina.startup.HostConfig.deployDirectory Deployment of web application directory [/workspaces/jsp/tomcat/webapps/docs] has finished in [19] ms
29-Oct-2024 13:51:06.855 INFO [main] org.apache.catalina.startup.HostConfig.deployDirectory Deploying web application directory [/workspaces/jsp/tomcat/webapps/manager]
29-Oct-2024 13:51:06.876 INFO [main] org.apache.catalina.startup.HostConfig.deployDirectory Deployment of web application directory [/workspaces/jsp/tomcat/webapps/manager] has finished in [21] ms
29-Oct-2024 13:51:06.877 INFO [main] org.apache.catalina.startup.HostConfig.deployDirectory Deploying web application directory [/workspaces/jsp/tomcat/webapps/ROOT]
29-Oct-2024 13:51:06.892 INFO [main] org.apache.catalina.startup.HostConfig.deployDirectory Deployment of web application directory [/workspaces/jsp/tomcat/webapps/ROOT] has finished in [15] ms
29-Oct-2024 13:51:06.892 INFO [main] org.apache.catalina.startup.HostConfig.deployDirectory Deploying web application directory [/workspaces/jsp/tomcat/webapps/examples]
29-Oct-2024 13:51:07.082 INFO [main] org.apache.catalina.startup.HostConfig.deployDirectory Deployment of web application directory [/workspaces/jsp/tomcat/webapps/examples] has finished in [190] ms
29-Oct-2024 13:51:07.085 INFO [main] org.apache.coyote.AbstractProtocol.start Starting ProtocolHandler ["http-nio-8080"]
29-Oct-2024 13:51:07.092 INFO [main] org.apache.catalina.startup.Catalina.start Server startup in [559] milliseconds
29-Oct-2024 13:51:47.104 INFO [Catalina-utility-2] org.apache.catalina.startup.HostConfig.deployDirectory Deploying web application directory [/workspaces/jsp/tomcat/webapps/MyJSPApp]
29-Oct-2024 13:51:47.123 INFO [Catalina-utility-2] org.apache.catalina.startup.HostConfig.deployDirectory Deployment of web application directory [/workspaces/jsp/tomcat/webapps/MyJSPApp] has finished in [19] ms
